{
"contracts/Exter.sol":{"l":{"21":12,"40":16,"42":15,"44":180,"45":179},"path":"/home/user/work/Exter/contracts/Exter.sol","s":{"1":12,"2":16,"3":15,"4":180,"5":179},"b":{"1":[16,1],"2":[15,1],"3":[179,1]},"f":{"1":12,"2":16},"fnMap":{"1":{"name":"constructor","line":20,"loc":{"start":{"line":20,"column":4},"end":{"line":22,"column":4}}},"2":{"name":"AirdropTokens","line":38,"loc":{"start":{"line":38,"column":0},"end":{"line":48,"column":0}}}},"statementMap":{"1":{"start":{"line":21,"column":8},"end":{"line":21,"column":51}},"2":{"start":{"line":40,"column":4},"end":{"line":40,"column":89}},"3":{"start":{"line":42,"column":4},"end":{"line":42,"column":1251}},"4":{"start":{"line":44,"column":8},"end":{"line":44,"column":68}},"5":{"start":{"line":45,"column":8},"end":{"line":45,"column":54}}},"branchMap":{"1":{"line":38,"type":"if","locations":[{"start":{"line":38,"column":84},"end":{"line":38,"column":84}},{"start":{"line":38,"column":84},"end":{"line":38,"column":84}}]},"2":{"line":40,"type":"if","locations":[{"start":{"line":40,"column":4},"end":{"line":40,"column":4}},{"start":{"line":40,"column":4},"end":{"line":40,"column":4}}]},"3":{"line":44,"type":"if","locations":[{"start":{"line":44,"column":8},"end":{"line":44,"column":8}},{"start":{"line":44,"column":8},"end":{"line":44,"column":8}}]}}}}
